<?xml version="1.0" encoding="UTF-8"?>
<!-- Generated by org.testng.reporters.JUnitReportReporter -->
<testsuite hostname="Satheesh" failures="0" tests="1" name="First.MyTest" time="7.036" errors="0" timestamp="2023-02-22T11:56:20 IST" skipped="0">
  <testcase classname="First.MyTest" name="EbaySearch" time="7.036"/>
  <system-out/>
</testsuite> <!-- First.MyTest -->
