<?xml version="1.0" encoding="UTF-8"?>
<!-- Generated by org.testng.reporters.JUnitReportReporter -->
<testsuite hostname="Satheesh" failures="0" tests="2" name="hybridDemos.HybridProductSearchTest" time="14.914" errors="0" timestamp="2023-02-26T12:02:38 IST" skipped="0">
  <testcase classname="hybridDemos.HybridProductSearchTest" name="ProductSearchTest" time="6.034"/>
  <system-out>
    <![CDATA['selenium webDriver' product search is Successful...]]>
  </system-out>
  <testcase classname="hybridDemos.HybridProductSearchTest" name="ProductSearchTest" time="8.880"/>
  <system-out>
    <![CDATA['English' product search is Successful...]]>
  </system-out>
</testsuite> <!-- hybridDemos.HybridProductSearchTest -->
