<?xml version="1.0" encoding="UTF-8"?>
<!-- Generated by org.testng.reporters.JUnitReportReporter -->
<testsuite hostname="Satheesh" failures="0" tests="2" name="hybridDemos.HybridProductCatSearchTest" time="13.523" errors="0" timestamp="2023-02-23T15:25:32 IST" skipped="0">
  <testcase classname="hybridDemos.HybridProductCatSearchTest" name="ProdCatSearch" time="6.172"/>
  <system-out>
    <![CDATA[product search with category in ebay is succesful...]]>
  </system-out>
  <testcase classname="hybridDemos.HybridProductCatSearchTest" name="ProdCatSearch" time="7.351"/>
  <system-out>
    <![CDATA[product search with category in ebay is succesful...]]>
  </system-out>
</testsuite> <!-- hybridDemos.HybridProductCatSearchTest -->
