<?xml version="1.0" encoding="UTF-8"?>
<!-- Generated by org.testng.reporters.JUnitReportReporter -->
<testsuite hostname="Satheesh" failures="0" tests="1" name="pomTest.PomEbayCatProdSearch" time="7.193" errors="0" timestamp="2023-02-20T12:13:02 IST" skipped="0">
  <testcase classname="pomTest.PomEbayCatProdSearch" name="f" time="7.193"/>
  <system-out/>
</testsuite> <!-- pomTest.PomEbayCatProdSearch -->
