<?xml version="1.0" encoding="UTF-8"?>
<!-- Generated by org.testng.reporters.JUnitReportReporter -->
<testsuite hostname="Satheesh" failures="0" tests="1" name="kwdFramework.EbayTest" time="74.311" errors="0" timestamp="2023-02-26T12:05:42 IST" skipped="0">
  <testcase classname="kwdFramework.EbayTest" name="SamplTest" time="74.311"/>
  <system-out/>
</testsuite> <!-- kwdFramework.EbayTest -->
