<?xml version="1.0" encoding="UTF-8"?>
<!-- Generated by org.testng.reporters.JUnitReportReporter -->
<testsuite hostname="Satheesh" failures="0" tests="2" name="ddfDemos.DDFEbayProdSearchTest" time="13.353" errors="0" timestamp="2023-02-23T14:05:13 IST" skipped="0">
  <testcase classname="ddfDemos.DDFEbayProdSearchTest" name="Search" time="8.502"/>
  <system-out>
    <![CDATA['English' product search is Successful...]]>
  </system-out>
  <testcase classname="ddfDemos.DDFEbayProdSearchTest" name="Search" time="4.851"/>
  <system-out>
    <![CDATA['selenium webDriver' product search is Successful...]]>
  </system-out>
</testsuite> <!-- ddfDemos.DDFEbayProdSearchTest -->
