<?xml version="1.0" encoding="UTF-8"?>
<!-- Generated by org.testng.reporters.JUnitReportReporter -->
<testsuite hostname="Satheesh" failures="0" tests="1" name="pomTest.PomEbayProdSearch" time="7.313" errors="0" timestamp="2023-02-19T22:01:36 IST" skipped="0">
  <testcase classname="pomTest.PomEbayProdSearch" name="f" time="7.313"/>
  <system-out>
    <![CDATA[product search on ebay is succesful...]]>
  </system-out>
</testsuite> <!-- pomTest.PomEbayProdSearch -->
