<?xml version="1.0" encoding="UTF-8"?>
<!-- Generated by org.testng.reporters.JUnitReportReporter -->
<testsuite hostname="Satheesh" failures="0" tests="2" name="ddfDemos.DDFEbayProdCatSearchTest" time="21.404" errors="0" timestamp="2023-02-23T12:09:20 IST" skipped="0">
  <testcase classname="ddfDemos.DDFEbayProdCatSearchTest" name="ProdCatSearch" time="9.236"/>
  <system-out>
    <![CDATA['selenium webDriver' product search is Successful...]]>
  </system-out>
  <testcase classname="ddfDemos.DDFEbayProdCatSearchTest" name="ProdCatSearch" time="12.168"/>
  <system-out>
    <![CDATA['English' product search is Successful...]]>
  </system-out>
</testsuite> <!-- ddfDemos.DDFEbayProdCatSearchTest -->
