<?xml version="1.0" encoding="UTF-8"?>
<!-- Generated by org.testng.reporters.JUnitReportReporter -->
<testsuite hostname="Satheesh" failures="0" tests="1" name="pomTest.EbayProdCatSearchTest" time="7.568" errors="0" timestamp="2023-02-19T22:00:45 IST" skipped="0">
  <testcase classname="pomTest.EbayProdCatSearchTest" name="f" time="7.568"/>
  <system-out/>
</testsuite> <!-- pomTest.EbayProdCatSearchTest -->
